{"/home/alextreyes/coding/express-biztime/express-biztime/app.js": {"path":"/home/alextreyes/coding/express-biztime/express-biztime/app.js","statementMap":{"0":{"start":{"line":3,"column":16},"end":{"line":3,"column":34}},"1":{"start":{"line":4,"column":12},"end":{"line":4,"column":21}},"2":{"start":{"line":5,"column":21},"end":{"line":5,"column":46}},"3":{"start":{"line":6,"column":24},"end":{"line":6,"column":53}},"4":{"start":{"line":7,"column":23},"end":{"line":7,"column":51}},"5":{"start":{"line":8,"column":25},"end":{"line":8,"column":55}},"6":{"start":{"line":10,"column":0},"end":{"line":10,"column":24}},"7":{"start":{"line":12,"column":0},"end":{"line":12,"column":39}},"8":{"start":{"line":13,"column":0},"end":{"line":13,"column":37}},"9":{"start":{"line":14,"column":0},"end":{"line":14,"column":41}},"10":{"start":{"line":18,"column":0},"end":{"line":21,"column":3}},"11":{"start":{"line":19,"column":14},"end":{"line":19,"column":48}},"12":{"start":{"line":20,"column":2},"end":{"line":20,"column":19}},"13":{"start":{"line":25,"column":0},"end":{"line":32,"column":3}},"14":{"start":{"line":26,"column":2},"end":{"line":26,"column":32}},"15":{"start":{"line":28,"column":2},"end":{"line":31,"column":5}},"16":{"start":{"line":34,"column":0},"end":{"line":34,"column":21}}},"fnMap":{"0":{"name":"(anonymous_0)","decl":{"start":{"line":18,"column":8},"end":{"line":18,"column":9}},"loc":{"start":{"line":18,"column":34},"end":{"line":21,"column":1}},"line":18},"1":{"name":"(anonymous_1)","decl":{"start":{"line":25,"column":8},"end":{"line":25,"column":9}},"loc":{"start":{"line":25,"column":33},"end":{"line":32,"column":1}},"line":25}},"branchMap":{"0":{"loc":{"start":{"line":26,"column":13},"end":{"line":26,"column":30}},"type":"binary-expr","locations":[{"start":{"line":26,"column":13},"end":{"line":26,"column":23}},{"start":{"line":26,"column":27},"end":{"line":26,"column":30}}],"line":26}},"s":{"0":3,"1":3,"2":3,"3":3,"4":3,"5":3,"6":3,"7":3,"8":3,"9":3,"10":3,"11":0,"12":0,"13":3,"14":0,"15":0,"16":3},"f":{"0":0,"1":0},"b":{"0":[0,0]},"_coverageSchema":"1a1c01bbd47fc00a2c39e90264f33305004495a9","hash":"e7a6203364f6d668133e67017e19310a1cd8caae"}
,"/home/alextreyes/coding/express-biztime/express-biztime/db.js": {"path":"/home/alextreyes/coding/express-biztime/express-biztime/db.js","statementMap":{"0":{"start":{"line":2,"column":19},"end":{"line":2,"column":32}},"1":{"start":{"line":4,"column":15},"end":{"line":4,"column":66}},"2":{"start":{"line":6,"column":9},"end":{"line":8,"column":2}},"3":{"start":{"line":10,"column":0},"end":{"line":16,"column":3}},"4":{"start":{"line":11,"column":2},"end":{"line":15,"column":3}},"5":{"start":{"line":12,"column":4},"end":{"line":12,"column":49}},"6":{"start":{"line":14,"column":4},"end":{"line":14,"column":45}},"7":{"start":{"line":18,"column":0},"end":{"line":18,"column":20}}},"fnMap":{"0":{"name":"(anonymous_0)","decl":{"start":{"line":10,"column":11},"end":{"line":10,"column":12}},"loc":{"start":{"line":10,"column":20},"end":{"line":16,"column":1}},"line":10}},"branchMap":{"0":{"loc":{"start":{"line":4,"column":15},"end":{"line":4,"column":66}},"type":"binary-expr","locations":[{"start":{"line":4,"column":15},"end":{"line":4,"column":39}},{"start":{"line":4,"column":43},"end":{"line":4,"column":66}}],"line":4},"1":{"loc":{"start":{"line":11,"column":2},"end":{"line":15,"column":3}},"type":"if","locations":[{"start":{"line":11,"column":2},"end":{"line":15,"column":3}},{"start":{"line":13,"column":9},"end":{"line":15,"column":3}}],"line":11}},"s":{"0":3,"1":3,"2":3,"3":3,"4":3,"5":0,"6":3,"7":3},"f":{"0":3},"b":{"0":[3,3],"1":[0,3]},"_coverageSchema":"1a1c01bbd47fc00a2c39e90264f33305004495a9","hash":"ac574a415352363608547288474c595aae53bb81"}
,"/home/alextreyes/coding/express-biztime/express-biztime/expressError.js": {"path":"/home/alextreyes/coding/express-biztime/express-biztime/expressError.js","statementMap":{"0":{"start":{"line":9,"column":4},"end":{"line":9,"column":12}},"1":{"start":{"line":10,"column":4},"end":{"line":10,"column":27}},"2":{"start":{"line":11,"column":4},"end":{"line":11,"column":25}},"3":{"start":{"line":12,"column":4},"end":{"line":12,"column":30}},"4":{"start":{"line":17,"column":0},"end":{"line":17,"column":30}}},"fnMap":{"0":{"name":"(anonymous_0)","decl":{"start":{"line":8,"column":2},"end":{"line":8,"column":3}},"loc":{"start":{"line":8,"column":31},"end":{"line":13,"column":3}},"line":8}},"branchMap":{},"s":{"0":0,"1":0,"2":0,"3":0,"4":3},"f":{"0":0},"b":{},"_coverageSchema":"1a1c01bbd47fc00a2c39e90264f33305004495a9","hash":"a25964368b2febb3402aa47acb725864e2d55495"}
,"/home/alextreyes/coding/express-biztime/express-biztime/routes/companies.js": {"path":"/home/alextreyes/coding/express-biztime/express-biztime/routes/companies.js","statementMap":{"0":{"start":{"line":1,"column":16},"end":{"line":1,"column":34}},"1":{"start":{"line":2,"column":15},"end":{"line":2,"column":31}},"2":{"start":{"line":3,"column":11},"end":{"line":3,"column":27}},"3":{"start":{"line":4,"column":16},"end":{"line":4,"column":34}},"4":{"start":{"line":7,"column":0},"end":{"line":14,"column":3}},"5":{"start":{"line":8,"column":2},"end":{"line":13,"column":3}},"6":{"start":{"line":9,"column":19},"end":{"line":9,"column":69}},"7":{"start":{"line":10,"column":4},"end":{"line":10,"column":48}},"8":{"start":{"line":12,"column":4},"end":{"line":12,"column":21}},"9":{"start":{"line":17,"column":0},"end":{"line":55,"column":3}},"10":{"start":{"line":18,"column":2},"end":{"line":54,"column":3}},"11":{"start":{"line":19,"column":21},"end":{"line":19,"column":31}},"12":{"start":{"line":21,"column":26},"end":{"line":26,"column":5}},"13":{"start":{"line":28,"column":4},"end":{"line":30,"column":5}},"14":{"start":{"line":29,"column":6},"end":{"line":29,"column":66}},"15":{"start":{"line":32,"column":27},"end":{"line":37,"column":5}},"16":{"start":{"line":39,"column":29},"end":{"line":45,"column":5}},"17":{"start":{"line":47,"column":20},"end":{"line":47,"column":41}},"18":{"start":{"line":48,"column":4},"end":{"line":48,"column":64}},"19":{"start":{"line":48,"column":56},"end":{"line":48,"column":62}},"20":{"start":{"line":49,"column":4},"end":{"line":49,"column":74}},"21":{"start":{"line":49,"column":60},"end":{"line":49,"column":72}},"22":{"start":{"line":51,"column":4},"end":{"line":51,"column":33}},"23":{"start":{"line":53,"column":4},"end":{"line":53,"column":21}},"24":{"start":{"line":58,"column":0},"end":{"line":74,"column":3}},"25":{"start":{"line":59,"column":2},"end":{"line":73,"column":3}},"26":{"start":{"line":60,"column":34},"end":{"line":60,"column":42}},"27":{"start":{"line":61,"column":17},"end":{"line":61,"column":61}},"28":{"start":{"line":63,"column":19},"end":{"line":68,"column":5}},"29":{"start":{"line":70,"column":4},"end":{"line":70,"column":61}},"30":{"start":{"line":72,"column":4},"end":{"line":72,"column":21}},"31":{"start":{"line":77,"column":0},"end":{"line":92,"column":3}},"32":{"start":{"line":78,"column":2},"end":{"line":91,"column":3}},"33":{"start":{"line":79,"column":21},"end":{"line":79,"column":31}},"34":{"start":{"line":80,"column":34},"end":{"line":80,"column":42}},"35":{"start":{"line":81,"column":19},"end":{"line":84,"column":5}},"36":{"start":{"line":85,"column":4},"end":{"line":87,"column":5}},"37":{"start":{"line":86,"column":6},"end":{"line":86,"column":66}},"38":{"start":{"line":88,"column":4},"end":{"line":88,"column":49}},"39":{"start":{"line":90,"column":4},"end":{"line":90,"column":21}},"40":{"start":{"line":95,"column":0},"end":{"line":109,"column":3}},"41":{"start":{"line":96,"column":2},"end":{"line":108,"column":3}},"42":{"start":{"line":97,"column":21},"end":{"line":97,"column":31}},"43":{"start":{"line":98,"column":19},"end":{"line":101,"column":5}},"44":{"start":{"line":102,"column":4},"end":{"line":104,"column":5}},"45":{"start":{"line":103,"column":6},"end":{"line":103,"column":66}},"46":{"start":{"line":105,"column":4},"end":{"line":105,"column":43}},"47":{"start":{"line":107,"column":4},"end":{"line":107,"column":21}},"48":{"start":{"line":111,"column":0},"end":{"line":111,"column":24}}},"fnMap":{"0":{"name":"(anonymous_0)","decl":{"start":{"line":7,"column":16},"end":{"line":7,"column":17}},"loc":{"start":{"line":7,"column":42},"end":{"line":14,"column":1}},"line":7},"1":{"name":"(anonymous_1)","decl":{"start":{"line":17,"column":21},"end":{"line":17,"column":22}},"loc":{"start":{"line":17,"column":47},"end":{"line":55,"column":1}},"line":17},"2":{"name":"(anonymous_2)","decl":{"start":{"line":48,"column":47},"end":{"line":48,"column":48}},"loc":{"start":{"line":48,"column":56},"end":{"line":48,"column":62}},"line":48},"3":{"name":"(anonymous_3)","decl":{"start":{"line":49,"column":51},"end":{"line":49,"column":52}},"loc":{"start":{"line":49,"column":60},"end":{"line":49,"column":72}},"line":49},"4":{"name":"(anonymous_4)","decl":{"start":{"line":58,"column":17},"end":{"line":58,"column":18}},"loc":{"start":{"line":58,"column":43},"end":{"line":74,"column":1}},"line":58},"5":{"name":"(anonymous_5)","decl":{"start":{"line":77,"column":21},"end":{"line":77,"column":22}},"loc":{"start":{"line":77,"column":47},"end":{"line":92,"column":1}},"line":77},"6":{"name":"(anonymous_6)","decl":{"start":{"line":95,"column":24},"end":{"line":95,"column":25}},"loc":{"start":{"line":95,"column":50},"end":{"line":109,"column":1}},"line":95}},"branchMap":{"0":{"loc":{"start":{"line":28,"column":4},"end":{"line":30,"column":5}},"type":"if","locations":[{"start":{"line":28,"column":4},"end":{"line":30,"column":5}},{"start":{},"end":{}}],"line":28},"1":{"loc":{"start":{"line":85,"column":4},"end":{"line":87,"column":5}},"type":"if","locations":[{"start":{"line":85,"column":4},"end":{"line":87,"column":5}},{"start":{},"end":{}}],"line":85},"2":{"loc":{"start":{"line":102,"column":4},"end":{"line":104,"column":5}},"type":"if","locations":[{"start":{"line":102,"column":4},"end":{"line":104,"column":5}},{"start":{},"end":{}}],"line":102}},"s":{"0":3,"1":3,"2":3,"3":3,"4":3,"5":1,"6":1,"7":1,"8":0,"9":3,"10":2,"11":2,"12":2,"13":2,"14":1,"15":1,"16":1,"17":1,"18":1,"19":1,"20":1,"21":0,"22":1,"23":0,"24":3,"25":1,"26":1,"27":1,"28":1,"29":1,"30":0,"31":3,"32":2,"33":2,"34":2,"35":2,"36":2,"37":1,"38":1,"39":0,"40":3,"41":2,"42":2,"43":2,"44":2,"45":1,"46":1,"47":0,"48":3},"f":{"0":1,"1":2,"2":1,"3":0,"4":1,"5":2,"6":2},"b":{"0":[1,1],"1":[1,1],"2":[1,1]},"_coverageSchema":"1a1c01bbd47fc00a2c39e90264f33305004495a9","hash":"f7769bcf3f9866faadb0fa8e0e26f6decbf73014"}
,"/home/alextreyes/coding/express-biztime/express-biztime/routes/industries.js": {"path":"/home/alextreyes/coding/express-biztime/express-biztime/routes/industries.js","statementMap":{"0":{"start":{"line":1,"column":16},"end":{"line":1,"column":34}},"1":{"start":{"line":2,"column":15},"end":{"line":2,"column":35}},"2":{"start":{"line":3,"column":11},"end":{"line":3,"column":27}},"3":{"start":{"line":6,"column":0},"end":{"line":19,"column":3}},"4":{"start":{"line":7,"column":2},"end":{"line":18,"column":3}},"5":{"start":{"line":8,"column":31},"end":{"line":8,"column":39}},"6":{"start":{"line":9,"column":19},"end":{"line":14,"column":5}},"7":{"start":{"line":15,"column":4},"end":{"line":15,"column":62}},"8":{"start":{"line":17,"column":4},"end":{"line":17,"column":21}},"9":{"start":{"line":22,"column":0},"end":{"line":29,"column":3}},"10":{"start":{"line":23,"column":2},"end":{"line":28,"column":3}},"11":{"start":{"line":24,"column":19},"end":{"line":24,"column":74}},"12":{"start":{"line":25,"column":4},"end":{"line":25,"column":49}},"13":{"start":{"line":27,"column":4},"end":{"line":27,"column":21}},"14":{"start":{"line":32,"column":0},"end":{"line":46,"column":3}},"15":{"start":{"line":33,"column":2},"end":{"line":45,"column":3}},"16":{"start":{"line":34,"column":21},"end":{"line":34,"column":31}},"17":{"start":{"line":35,"column":29},"end":{"line":35,"column":37}},"18":{"start":{"line":36,"column":19},"end":{"line":41,"column":5}},"19":{"start":{"line":42,"column":4},"end":{"line":42,"column":65}},"20":{"start":{"line":44,"column":4},"end":{"line":44,"column":21}},"21":{"start":{"line":48,"column":0},"end":{"line":48,"column":24}}},"fnMap":{"0":{"name":"(anonymous_0)","decl":{"start":{"line":6,"column":17},"end":{"line":6,"column":18}},"loc":{"start":{"line":6,"column":43},"end":{"line":19,"column":1}},"line":6},"1":{"name":"(anonymous_1)","decl":{"start":{"line":22,"column":16},"end":{"line":22,"column":17}},"loc":{"start":{"line":22,"column":42},"end":{"line":29,"column":1}},"line":22},"2":{"name":"(anonymous_2)","decl":{"start":{"line":32,"column":32},"end":{"line":32,"column":33}},"loc":{"start":{"line":32,"column":58},"end":{"line":46,"column":1}},"line":32}},"branchMap":{},"s":{"0":3,"1":3,"2":3,"3":3,"4":1,"5":1,"6":1,"7":1,"8":0,"9":3,"10":1,"11":1,"12":1,"13":0,"14":3,"15":1,"16":1,"17":1,"18":1,"19":1,"20":0,"21":3},"f":{"0":1,"1":1,"2":1},"b":{},"_coverageSchema":"1a1c01bbd47fc00a2c39e90264f33305004495a9","hash":"2bca2a96eae75fa56e68f7090c43699fa0646709"}
,"/home/alextreyes/coding/express-biztime/express-biztime/routes/invoices.js": {"path":"/home/alextreyes/coding/express-biztime/express-biztime/routes/invoices.js","statementMap":{"0":{"start":{"line":1,"column":16},"end":{"line":1,"column":34}},"1":{"start":{"line":2,"column":15},"end":{"line":2,"column":35}},"2":{"start":{"line":3,"column":11},"end":{"line":3,"column":27}},"3":{"start":{"line":6,"column":0},"end":{"line":13,"column":3}},"4":{"start":{"line":7,"column":2},"end":{"line":12,"column":3}},"5":{"start":{"line":8,"column":19},"end":{"line":8,"column":71}},"6":{"start":{"line":9,"column":4},"end":{"line":9,"column":47}},"7":{"start":{"line":11,"column":4},"end":{"line":11,"column":21}},"8":{"start":{"line":16,"column":0},"end":{"line":50,"column":3}},"9":{"start":{"line":17,"column":2},"end":{"line":49,"column":3}},"10":{"start":{"line":18,"column":19},"end":{"line":18,"column":29}},"11":{"start":{"line":19,"column":19},"end":{"line":26,"column":5}},"12":{"start":{"line":28,"column":4},"end":{"line":30,"column":5}},"13":{"start":{"line":29,"column":6},"end":{"line":29,"column":66}},"14":{"start":{"line":32,"column":17},"end":{"line":32,"column":31}},"15":{"start":{"line":33,"column":20},"end":{"line":44,"column":5}},"16":{"start":{"line":46,"column":4},"end":{"line":46,"column":33}},"17":{"start":{"line":48,"column":4},"end":{"line":48,"column":21}},"18":{"start":{"line":53,"column":0},"end":{"line":67,"column":3}},"19":{"start":{"line":54,"column":2},"end":{"line":66,"column":3}},"20":{"start":{"line":55,"column":31},"end":{"line":55,"column":39}},"21":{"start":{"line":56,"column":19},"end":{"line":61,"column":5}},"22":{"start":{"line":63,"column":4},"end":{"line":63,"column":61}},"23":{"start":{"line":65,"column":4},"end":{"line":65,"column":21}},"24":{"start":{"line":70,"column":0},"end":{"line":96,"column":3}},"25":{"start":{"line":71,"column":2},"end":{"line":95,"column":3}},"26":{"start":{"line":72,"column":19},"end":{"line":72,"column":29}},"27":{"start":{"line":73,"column":26},"end":{"line":73,"column":34}},"28":{"start":{"line":75,"column":19},"end":{"line":75,"column":23}},"29":{"start":{"line":76,"column":4},"end":{"line":78,"column":5}},"30":{"start":{"line":77,"column":6},"end":{"line":77,"column":28}},"31":{"start":{"line":80,"column":19},"end":{"line":86,"column":5}},"32":{"start":{"line":88,"column":4},"end":{"line":90,"column":5}},"33":{"start":{"line":89,"column":6},"end":{"line":89,"column":66}},"34":{"start":{"line":92,"column":4},"end":{"line":92,"column":49}},"35":{"start":{"line":94,"column":4},"end":{"line":94,"column":21}},"36":{"start":{"line":99,"column":0},"end":{"line":118,"column":3}},"37":{"start":{"line":100,"column":2},"end":{"line":117,"column":3}},"38":{"start":{"line":101,"column":19},"end":{"line":101,"column":29}},"39":{"start":{"line":103,"column":19},"end":{"line":108,"column":5}},"40":{"start":{"line":110,"column":4},"end":{"line":112,"column":5}},"41":{"start":{"line":111,"column":6},"end":{"line":111,"column":66}},"42":{"start":{"line":114,"column":4},"end":{"line":114,"column":43}},"43":{"start":{"line":116,"column":4},"end":{"line":116,"column":21}},"44":{"start":{"line":120,"column":0},"end":{"line":120,"column":24}}},"fnMap":{"0":{"name":"(anonymous_0)","decl":{"start":{"line":6,"column":16},"end":{"line":6,"column":17}},"loc":{"start":{"line":6,"column":42},"end":{"line":13,"column":1}},"line":6},"1":{"name":"(anonymous_1)","decl":{"start":{"line":16,"column":19},"end":{"line":16,"column":20}},"loc":{"start":{"line":16,"column":45},"end":{"line":50,"column":1}},"line":16},"2":{"name":"(anonymous_2)","decl":{"start":{"line":53,"column":17},"end":{"line":53,"column":18}},"loc":{"start":{"line":53,"column":43},"end":{"line":67,"column":1}},"line":53},"3":{"name":"(anonymous_3)","decl":{"start":{"line":70,"column":19},"end":{"line":70,"column":20}},"loc":{"start":{"line":70,"column":45},"end":{"line":96,"column":1}},"line":70},"4":{"name":"(anonymous_4)","decl":{"start":{"line":99,"column":22},"end":{"line":99,"column":23}},"loc":{"start":{"line":99,"column":48},"end":{"line":118,"column":1}},"line":99}},"branchMap":{"0":{"loc":{"start":{"line":28,"column":4},"end":{"line":30,"column":5}},"type":"if","locations":[{"start":{"line":28,"column":4},"end":{"line":30,"column":5}},{"start":{},"end":{}}],"line":28},"1":{"loc":{"start":{"line":76,"column":4},"end":{"line":78,"column":5}},"type":"if","locations":[{"start":{"line":76,"column":4},"end":{"line":78,"column":5}},{"start":{},"end":{}}],"line":76},"2":{"loc":{"start":{"line":88,"column":4},"end":{"line":90,"column":5}},"type":"if","locations":[{"start":{"line":88,"column":4},"end":{"line":90,"column":5}},{"start":{},"end":{}}],"line":88},"3":{"loc":{"start":{"line":110,"column":4},"end":{"line":112,"column":5}},"type":"if","locations":[{"start":{"line":110,"column":4},"end":{"line":112,"column":5}},{"start":{},"end":{}}],"line":110}},"s":{"0":3,"1":3,"2":3,"3":3,"4":1,"5":1,"6":1,"7":0,"8":3,"9":2,"10":2,"11":2,"12":2,"13":1,"14":1,"15":1,"16":1,"17":0,"18":3,"19":1,"20":1,"21":1,"22":1,"23":0,"24":3,"25":2,"26":2,"27":2,"28":2,"29":2,"30":1,"31":2,"32":2,"33":1,"34":1,"35":0,"36":3,"37":1,"38":1,"39":1,"40":1,"41":0,"42":1,"43":0,"44":3},"f":{"0":1,"1":2,"2":1,"3":2,"4":1},"b":{"0":[1,1],"1":[1,1],"2":[1,1],"3":[0,1]},"_coverageSchema":"1a1c01bbd47fc00a2c39e90264f33305004495a9","hash":"0f92777a5863875649fd5b5be201e7ee2f05e5e2"}
}
