TN:
SF:express-biztime/app.js
FN:18,(anonymous_0)
FN:25,(anonymous_1)
FNF:2
FNH:0
FNDA:0,(anonymous_0)
FNDA:0,(anonymous_1)
DA:3,3
DA:4,3
DA:5,3
DA:6,3
DA:7,3
DA:8,3
DA:10,3
DA:12,3
DA:13,3
DA:14,3
DA:18,3
DA:19,0
DA:20,0
DA:25,3
DA:26,0
DA:28,0
DA:34,3
LF:17
LH:13
BRDA:26,0,0,0
BRDA:26,0,1,0
BRF:2
BRH:0
end_of_record
TN:
SF:express-biztime/db.js
FN:10,(anonymous_0)
FNF:1
FNH:1
FNDA:3,(anonymous_0)
DA:2,3
DA:4,3
DA:6,3
DA:10,3
DA:11,3
DA:12,0
DA:14,3
DA:18,3
LF:8
LH:7
BRDA:4,0,0,3
BRDA:4,0,1,3
BRDA:11,1,0,0
BRDA:11,1,1,3
BRF:4
BRH:3
end_of_record
TN:
SF:express-biztime/expressError.js
FN:8,(anonymous_0)
FNF:1
FNH:0
FNDA:0,(anonymous_0)
DA:9,0
DA:10,0
DA:11,0
DA:12,0
DA:17,3
LF:5
LH:1
BRF:0
BRH:0
end_of_record
TN:
SF:express-biztime/routes/companies.js
FN:7,(anonymous_0)
FN:17,(anonymous_1)
FN:48,(anonymous_2)
FN:49,(anonymous_3)
FN:58,(anonymous_4)
FN:77,(anonymous_5)
FN:95,(anonymous_6)
FNF:7
FNH:6
FNDA:1,(anonymous_0)
FNDA:2,(anonymous_1)
FNDA:1,(anonymous_2)
FNDA:0,(anonymous_3)
FNDA:1,(anonymous_4)
FNDA:2,(anonymous_5)
FNDA:2,(anonymous_6)
DA:1,3
DA:2,3
DA:3,3
DA:4,3
DA:7,3
DA:8,1
DA:9,1
DA:10,1
DA:12,0
DA:17,3
DA:18,2
DA:19,2
DA:21,2
DA:28,2
DA:29,1
DA:32,1
DA:39,1
DA:47,1
DA:48,1
DA:49,1
DA:51,1
DA:53,0
DA:58,3
DA:59,1
DA:60,1
DA:61,1
DA:63,1
DA:70,1
DA:72,0
DA:77,3
DA:78,2
DA:79,2
DA:80,2
DA:81,2
DA:85,2
DA:86,1
DA:88,1
DA:90,0
DA:95,3
DA:96,2
DA:97,2
DA:98,2
DA:102,2
DA:103,1
DA:105,1
DA:107,0
DA:111,3
LF:47
LH:42
BRDA:28,0,0,1
BRDA:28,0,1,1
BRDA:85,1,0,1
BRDA:85,1,1,1
BRDA:102,2,0,1
BRDA:102,2,1,1
BRF:6
BRH:6
end_of_record
TN:
SF:express-biztime/routes/industries.js
FN:6,(anonymous_0)
FN:22,(anonymous_1)
FN:32,(anonymous_2)
FNF:3
FNH:3
FNDA:1,(anonymous_0)
FNDA:1,(anonymous_1)
FNDA:1,(anonymous_2)
DA:1,3
DA:2,3
DA:3,3
DA:6,3
DA:7,1
DA:8,1
DA:9,1
DA:15,1
DA:17,0
DA:22,3
DA:23,1
DA:24,1
DA:25,1
DA:27,0
DA:32,3
DA:33,1
DA:34,1
DA:35,1
DA:36,1
DA:42,1
DA:44,0
DA:48,3
LF:22
LH:19
BRF:0
BRH:0
end_of_record
TN:
SF:express-biztime/routes/invoices.js
FN:6,(anonymous_0)
FN:16,(anonymous_1)
FN:53,(anonymous_2)
FN:70,(anonymous_3)
FN:99,(anonymous_4)
FNF:5
FNH:5
FNDA:1,(anonymous_0)
FNDA:2,(anonymous_1)
FNDA:1,(anonymous_2)
FNDA:2,(anonymous_3)
FNDA:1,(anonymous_4)
DA:1,3
DA:2,3
DA:3,3
DA:6,3
DA:7,1
DA:8,1
DA:9,1
DA:11,0
DA:16,3
DA:17,2
DA:18,2
DA:19,2
DA:28,2
DA:29,1
DA:32,1
DA:33,1
DA:46,1
DA:48,0
DA:53,3
DA:54,1
DA:55,1
DA:56,1
DA:63,1
DA:65,0
DA:70,3
DA:71,2
DA:72,2
DA:73,2
DA:75,2
DA:76,2
DA:77,1
DA:80,2
DA:88,2
DA:89,1
DA:92,1
DA:94,0
DA:99,3
DA:100,1
DA:101,1
DA:103,1
DA:110,1
DA:111,0
DA:114,1
DA:116,0
DA:120,3
LF:45
LH:39
BRDA:28,0,0,1
BRDA:28,0,1,1
BRDA:76,1,0,1
BRDA:76,1,1,1
BRDA:88,2,0,1
BRDA:88,2,1,1
BRDA:110,3,0,0
BRDA:110,3,1,1
BRF:8
BRH:7
end_of_record
